0 info it worked if it ends with ok
1 verbose cli [ 'node',
1 verbose cli   'C:\\Users\\user\\AppData\\Roaming\\npm\\node_modules\\npm\\bin\\npm-cli.js',
1 verbose cli   'install',
1 verbose cli   'npm',
1 verbose cli   '-g',
1 verbose cli   '--ca=' ]
2 info using npm@2.1.5
3 info using node@v0.10.32
4 silly cache add args [ 'npm', null ]
5 verbose cache add spec npm
6 silly cache add parsed spec { raw: 'npm',
6 silly cache add   scope: null,
6 silly cache add   name: 'npm',
6 silly cache add   rawSpec: '',
6 silly cache add   spec: '*',
6 silly cache add   type: 'range' }
7 verbose addNamed npm@*
8 silly addNamed semver.valid null
9 silly addNamed semver.validRange *
10 silly addNameRange { name: 'npm', range: '*', hasData: false }
11 verbose mapToRegistry name npm
12 verbose mapToRegistry uri http://registry.npmjs.org/npm
13 verbose addNameRange registry:http://registry.npmjs.org/npm not in flight; fetching
14 verbose request on initialization, where is /npm
15 verbose request after pass 1, where is /npm
16 verbose request url raw /npm
17 verbose request resolving registry [ 'http://registry.npmjs.org/', './npm' ]
18 verbose request after pass 2, where is http://registry.npmjs.org/npm
19 verbose request no auth needed
20 info attempt registry request try #1 at 23:56:45
21 verbose request id 1aeedbf2c3297482
22 verbose etag "BD8I03Z0UDE2RTZTL0LBHYV2X"
23 http request GET http://registry.npmjs.org/npm
24 http 304 http://registry.npmjs.org/npm
25 silly registry.get cb [ 304,
25 silly registry.get   { date: 'Fri, 24 Oct 2014 15:54:03 GMT',
25 silly registry.get     via: '1.1 varnish',
25 silly registry.get     'last-modified': 'Fri, 24 Oct 2014 15:54:03 GMT',
25 silly registry.get     'cache-control': 'max-age=60',
25 silly registry.get     etag: '"BD8I03Z0UDE2RTZTL0LBHYV2X"',
25 silly registry.get     age: '28',
25 silly registry.get     connection: 'keep-alive',
25 silly registry.get     'x-served-by': 'cache-lax1425-LAX',
25 silly registry.get     'x-cache': 'HIT',
25 silly registry.get     'x-cache-hits': '1',
25 silly registry.get     'x-timer': 'S1414166043.086255,VS0,VE10',
25 silly registry.get     vary: 'Accept' } ]
26 verbose etag http://registry.npmjs.org/npm from cache
27 silly addNameRange number 2 { name: 'npm', range: '*', hasData: true }
28 silly addNameRange versions [ 'npm',
28 silly addNameRange   [ '1.1.25',
28 silly addNameRange     '1.2.32',
28 silly addNameRange     '1.3.2',
28 silly addNameRange     '1.3.4',
28 silly addNameRange     '1.2.20',
28 silly addNameRange     '1.2.21',
28 silly addNameRange     '1.2.22',
28 silly addNameRange     '1.2.23',
28 silly addNameRange     '1.2.24',
28 silly addNameRange     '1.2.25',
28 silly addNameRange     '1.2.27',
28 silly addNameRange     '1.2.28',
28 silly addNameRange     '1.2.30',
28 silly addNameRange     '1.2.31',
28 silly addNameRange     '1.3.0',
28 silly addNameRange     '1.3.1',
28 silly addNameRange     '1.2.19',
28 silly addNameRange     '1.1.70',
28 silly addNameRange     '1.1.71',
28 silly addNameRange     '1.3.5',
28 silly addNameRange     '1.3.6',
28 silly addNameRange     '1.3.7',
28 silly addNameRange     '1.3.8',
28 silly addNameRange     '1.3.9',
28 silly addNameRange     '1.3.10',
28 silly addNameRange     '1.3.11',
28 silly addNameRange     '1.3.12',
28 silly addNameRange     '1.3.13',
28 silly addNameRange     '1.3.14',
28 silly addNameRange     '1.3.15',
28 silly addNameRange     '1.3.16',
28 silly addNameRange     '1.3.17',
28 silly addNameRange     '1.3.18',
28 silly addNameRange     '1.3.20',
28 silly addNameRange     '1.3.21',
28 silly addNameRange     '1.3.22',
28 silly addNameRange     '1.3.23',
28 silly addNameRange     '1.3.24',
28 silly addNameRange     '1.3.25',
28 silly addNameRange     '1.3.26',
28 silly addNameRange     '1.4.0',
28 silly addNameRange     '1.4.1',
28 silly addNameRange     '1.4.2',
28 silly addNameRange     '1.4.3',
28 silly addNameRange     '1.4.4',
28 silly addNameRange     '1.4.5',
28 silly addNameRange     '1.4.6',
28 silly addNameRange     '1.4.7',
28 silly addNameRange     '1.4.8',
28 silly addNameRange     '1.4.9',
28 silly addNameRange     '1.4.10',
28 silly addNameRange     '1.4.11',
28 silly addNameRange     '1.4.12',
28 silly addNameRange     '1.4.13',
28 silly addNameRange     '1.4.14',
28 silly addNameRange     '1.4.15',
28 silly addNameRange     '1.4.16',
28 silly addNameRange     '1.2.8000',
28 silly addNameRange     '1.4.17',
28 silly addNameRange     '1.4.18',
28 silly addNameRange     '1.4.19',
28 silly addNameRange     '1.5.0-alpha-0',
28 silly addNameRange     '1.5.0-alpha-1',
28 silly addNameRange     '1.4.20',
28 silly addNameRange     '1.5.0-alpha-2',
28 silly addNameRange     '1.4.21',
28 silly addNameRange     '1.5.0-alpha-3',
28 silly addNameRange     '1.5.0-alpha-4',
28 silly addNameRange     '2.0.0-alpha-5',
28 silly addNameRange     '1.4.22',
28 silly addNameRange     '1.4.23',
28 silly addNameRange     '2.0.0-alpha.6.0',
28 silly addNameRange     '1.4.24',
28 silly addNameRange     '2.0.0-alpha.6',
28 silly addNameRange     '2.0.0-alpha.7',
28 silly addNameRange     '2.0.0-beta.0',
28 silly addNameRange     '1.4.25',
28 silly addNameRange     '2.0.0-beta.1',
28 silly addNameRange     '1.4.26',
28 silly addNameRange     '2.0.0-beta.2',
28 silly addNameRange     '1.4.27',
28 silly addNameRange     '2.0.0-beta.3',
28 silly addNameRange     '1.4.28',
28 silly addNameRange     '2.0.0',
28 silly addNameRange     '2.0.1',
28 silly addNameRange     '2.0.2',
28 silly addNameRange     '2.1.0',
28 silly addNameRange     '2.1.1',
28 silly addNameRange     '2.1.2',
28 silly addNameRange     '2.1.3',
28 silly addNameRange     '2.1.4',
28 silly addNameRange     '2.1.5',
28 silly addNameRange     '2.1.6' ] ]
29 verbose addNamed npm@2.1.5
30 silly addNamed semver.valid 2.1.5
31 silly addNamed semver.validRange 2.1.5
32 silly cache afterAdd npm@2.1.5
33 verbose afterAdd C:\Users\user\AppData\Roaming\npm-cache\npm\2.1.5\package\package.json not in flight; writing
34 verbose afterAdd C:\Users\user\AppData\Roaming\npm-cache\npm\2.1.5\package\package.json written
35 silly install resolved [ { version: '2.1.5',
35 silly install resolved     name: 'npm',
35 silly install resolved     description: 'A package manager for node',
35 silly install resolved     keywords: [ 'package manager', 'modules', 'install', 'package.json' ],
35 silly install resolved     preferGlobal: true,
35 silly install resolved     config: { publishtest: false },
35 silly install resolved     homepage: 'https://npmjs.org/doc/',
35 silly install resolved     author:
35 silly install resolved      { name: 'Isaac Z. Schlueter',
35 silly install resolved        email: 'i@izs.me',
35 silly install resolved        url: 'http://blog.izs.me' },
35 silly install resolved     repository: { type: 'git', url: 'https://github.com/npm/npm' },
35 silly install resolved     bugs:
35 silly install resolved      { url: 'http://github.com/npm/npm/issues',
35 silly install resolved        email: 'npm-@googlegroups.com' },
35 silly install resolved     directories: { doc: './doc', man: './man', lib: './lib', bin: './bin' },
35 silly install resolved     main: './lib/npm.js',
35 silly install resolved     bin: { npm: './bin/npm-cli.js' },
35 silly install resolved     dependencies:
35 silly install resolved      { abbrev: '~1.0.5',
35 silly install resolved        ansi: '~0.3.0',
35 silly install resolved        ansicolors: '~0.3.2',
35 silly install resolved        ansistyles: '~0.1.3',
35 silly install resolved        archy: '~1.0.0',
35 silly install resolved        'async-some': '~1.0.1',
35 silly install resolved        'block-stream': '0.0.7',
35 silly install resolved        'char-spinner': '~1.0.1',
35 silly install resolved        'child-process-close': '~0.1.1',
35 silly install resolved        chmodr: '~0.1.0',
35 silly install resolved        chownr: '0',
35 silly install resolved        'cmd-shim': '~2.0.1',
35 silly install resolved        columnify: '~1.2.1',
35 silly install resolved        'config-chain': '~1.1.8',
35 silly install resolved        dezalgo: '~1.0.1',
35 silly install resolved        editor: '~0.1.0',
35 silly install resolved        'fs-vacuum': '~1.2.1',
35 silly install resolved        'fs-write-stream-atomic': '~1.0.2',
35 silly install resolved        fstream: '~1.0.2',
35 silly install resolved        'fstream-npm': '~1.0.0',
35 silly install resolved        'github-url-from-git': '~1.4.0',
35 silly install resolved        'github-url-from-username-repo': '~1.0.2',
35 silly install resolved        glob: '~4.0.6',
35 silly install resolved        'graceful-fs': '~3.0.4',
35 silly install resolved        inflight: '~1.0.4',
35 silly install resolved        inherits: '~2.0.1',
35 silly install resolved        ini: '~1.3.0',
35 silly install resolved        'init-package-json': '~1.1.0',
35 silly install resolved        lockfile: '~1.0.0',
35 silly install resolved        'lru-cache': '~2.5.0',
35 silly install resolved        minimatch: '~1.0.0',
35 silly install resolved        mkdirp: '~0.5.0',
35 silly install resolved        'node-gyp': '~1.0.1',
35 silly install resolved        nopt: '~3.0.1',
35 silly install resolved        'normalize-package-data': '~1.0.3',
35 silly install resolved        'npm-cache-filename': '~1.0.1',
35 silly install resolved        'npm-install-checks': '~1.0.2',
35 silly install resolved        'npm-package-arg': '~2.1.3',
35 silly install resolved        'npm-registry-client': '~3.2.4',
35 silly install resolved        'npm-user-validate': '~0.1.1',
35 silly install resolved        npmlog: '~0.1.1',
35 silly install resolved        once: '~1.3.1',
35 silly install resolved        opener: '~1.4.0',
35 silly install resolved        osenv: '~0.1.0',
35 silly install resolved        'path-is-inside': '~1.0.0',
35 silly install resolved        read: '~1.0.4',
35 silly install resolved        'read-installed': '~3.1.2',
35 silly install resolved        'read-package-json': '~1.2.7',
35 silly install resolved        'readable-stream': '~1.0.32',
35 silly install resolved        'realize-package-specifier': '~1.2.0',
35 silly install resolved        request: '~2.45.0',
35 silly install resolved        retry: '~0.6.1',
35 silly install resolved        rimraf: '~2.2.8',
35 silly install resolved        semver: '~4.1.0',
35 silly install resolved        sha: '~1.3.0',
35 silly install resolved        slide: '~1.1.6',
35 silly install resolved        'sorted-object': '~1.0.0',
35 silly install resolved        tar: '~1.0.1',
35 silly install resolved        'text-table': '~0.2.0',
35 silly install resolved        'uid-number': '0.0.5',
35 silly install resolved        which: '1',
35 silly install resolved        wrappy: '~1.0.1',
35 silly install resolved        'write-file-atomic': '~1.1.0' },
35 silly install resolved     bundleDependencies:
35 silly install resolved      [ 'abbrev',
35 silly install resolved        'ansi',
35 silly install resolved        'ansicolors',
35 silly install resolved        'ansistyles',
35 silly install resolved        'archy',
35 silly install resolved        'async-some',
35 silly install resolved        'block-stream',
35 silly install resolved        'char-spinner',
35 silly install resolved        'child-process-close',
35 silly install resolved        'chmodr',
35 silly install resolved        'chownr',
35 silly install resolved        'cmd-shim',
35 silly install resolved        'columnify',
35 silly install resolved        'config-chain',
35 silly install resolved        'dezalgo',
35 silly install resolved        'editor',
35 silly install resolved        'fs-vacuum',
35 silly install resolved        'fs-write-stream-atomic',
35 silly install resolved        'fstream',
35 silly install resolved        'fstream-npm',
35 silly install resolved        'github-url-from-git',
35 silly install resolved        'github-url-from-username-repo',
35 silly install resolved        'glob',
35 silly install resolved        'graceful-fs',
35 silly install resolved        'inflight',
35 silly install resolved        'inherits',
35 silly install resolved        'ini',
35 silly install resolved        'init-package-json',
35 silly install resolved        'lockfile',
35 silly install resolved        'lru-cache',
35 silly install resolved        'minimatch',
35 silly install resolved        'mkdirp',
35 silly install resolved        'node-gyp',
35 silly install resolved        'nopt',
35 silly install resolved        'normalize-package-data',
35 silly install resolved        'npm-cache-filename',
35 silly install resolved        'npm-install-checks',
35 silly install resolved        'npm-package-arg',
35 silly install resolved        'npm-registry-client',
35 silly install resolved        'npm-user-validate',
35 silly install resolved        'npmlog',
35 silly install resolved        'once',
35 silly install resolved        'opener',
35 silly install resolved        'osenv',
35 silly install resolved        'path-is-inside',
35 silly install resolved        'read',
35 silly install resolved        'read-installed',
35 silly install resolved        'read-package-json',
35 silly install resolved        'readable-stream',
35 silly install resolved        'realize-package-specifier',
35 silly install resolved        'request',
35 silly install resolved        'retry',
35 silly install resolved        'rimraf',
35 silly install resolved        'semver',
35 silly install resolved        'sha',
35 silly install resolved        'slide',
35 silly install resolved        'sorted-object',
35 silly install resolved        'tar',
35 silly install resolved        'text-table',
35 silly install resolved        'uid-number',
35 silly install resolved        'which',
35 silly install resolved        'wrappy',
35 silly install resolved        'write-file-atomic' ],
35 silly install resolved     devDependencies:
35 silly install resolved      { marked: '~0.3.2',
35 silly install resolved        'marked-man': '~0.1.4',
35 silly install resolved        nock: '~0.48.1',
35 silly install resolved        'npm-registry-couchapp': '~2.6.2',
35 silly install resolved        'npm-registry-mock': '~0.6.3',
35 silly install resolved        'require-inject': '~1.1.0',
35 silly install resolved        tap: '~0.4.12' },
35 silly install resolved     scripts:
35 silly install resolved      { 'test-legacy': 'node ./test/run.js',
35 silly install resolved        test: 'tap --timeout 120 test/tap/*.js',
35 silly install resolved        tap: 'tap --timeout 120 test/tap/*.js',
35 silly install resolved        'test-all': 'node ./test/run.js && tap test/tap/*.js',
35 silly install resolved        prepublish: 'node bin/npm-cli.js prune --prefix=. --no-global && rm -rf test/*/*/node_modules && make -j8 doc',
35 silly install resolved        dumpconf: 'env | grep npm | sort | uniq' },
35 silly install resolved     license: 'Artistic-2.0',
35 silly install resolved     man:
35 silly install resolved      [ '/Users/ogd/Documents/projects/npm/npm/man/man1/npm-README.1',
35 silly install resolved        '/Users/ogd/Documents/projects/npm/npm/man/man1/npm-adduser.1',
35 silly install resolved        '/Users/ogd/Documents/projects/npm/npm/man/man1/npm-bin.1',
35 silly install resolved        '/Users/ogd/Documents/projects/npm/npm/man/man1/npm-bugs.1',
35 silly install resolved        '/Users/ogd/Documents/projects/npm/npm/man/man1/npm-build.1',
35 silly install resolved        '/Users/ogd/Documents/projects/npm/npm/man/man1/npm-bundle.1',
35 silly install resolved        '/Users/ogd/Documents/projects/npm/npm/man/man1/npm-cache.1',
35 silly install resolved        '/Users/ogd/Documents/projects/npm/npm/man/man1/npm-completion.1',
35 silly install resolved        '/Users/ogd/Documents/projects/npm/npm/man/man1/npm-config.1',
35 silly install resolved        '/Users/ogd/Documents/projects/npm/npm/man/man1/npm-dedupe.1',
35 silly install resolved        '/Users/ogd/Documents/projects/npm/npm/man/man1/npm-deprecate.1',
35 silly install resolved        '/Users/ogd/Documents/projects/npm/npm/man/man1/npm-docs.1',
35 silly install resolved        '/Users/ogd/Documents/projects/npm/npm/man/man1/npm-edit.1',
35 silly install resolved        '/Users/ogd/Documents/projects/npm/npm/man/man1/npm-explore.1',
35 silly install resolved        '/Users/ogd/Documents/projects/npm/npm/man/man1/npm-help-search.1',
35 silly install resolved        '/Users/ogd/Documents/projects/npm/npm/man/man1/npm-help.1',
35 silly install resolved        '/Users/ogd/Documents/projects/npm/npm/man/man1/npm-init.1',
35 silly install resolved        '/Users/ogd/Documents/projects/npm/npm/man/man1/npm-install.1',
35 silly install resolved        '/Users/ogd/Documents/projects/npm/npm/man/man1/npm-link.1',
35 silly install resolved        '/Users/ogd/Documents/projects/npm/npm/man/man1/npm-ls.1',
35 silly install resolved        '/Users/ogd/Documents/projects/npm/npm/man/man1/npm-outdated.1',
35 silly install resolved        '/Users/ogd/Documents/projects/npm/npm/man/man1/npm-owner.1',
35 silly install resolved        '/Users/ogd/Documents/projects/npm/npm/man/man1/npm-pack.1',
35 silly install resolved        '/Users/ogd/Documents/projects/npm/npm/man/man1/npm-prefix.1',
35 silly install resolved        '/Users/ogd/Documents/projects/npm/npm/man/man1/npm-prune.1',
35 silly install resolved        '/Users/ogd/Documents/projects/npm/npm/man/man1/npm-publish.1',
35 silly install resolved        '/Users/ogd/Documents/projects/npm/npm/man/man1/npm-rebuild.1',
35 silly install resolved        '/Users/ogd/Documents/projects/npm/npm/man/man1/npm-repo.1',
35 silly install resolved        '/Users/ogd/Documents/projects/npm/npm/man/man1/npm-restart.1',
35 silly install resolved        '/Users/ogd/Documents/projects/npm/npm/man/man1/npm-rm.1',
35 silly install resolved        '/Users/ogd/Documents/projects/npm/npm/man/man1/npm-root.1',
35 silly install resolved        '/Users/ogd/Documents/projects/npm/npm/man/man1/npm-run-script.1',
35 silly install resolved        '/Users/ogd/Documents/projects/npm/npm/man/man1/npm-search.1',
35 silly install resolved        '/Users/ogd/Documents/projects/npm/npm/man/man1/npm-shrinkwrap.1',
35 silly install resolved        '/Users/ogd/Documents/projects/npm/npm/man/man1/npm-star.1',
35 silly install resolved        '/Users/ogd/Documents/projects/npm/npm/man/man1/npm-stars.1',
35 silly install resolved        '/Users/ogd/Documents/projects/npm/npm/man/man1/npm-start.1',
35 silly install resolved        '/Users/ogd/Documents/projects/npm/npm/man/man1/npm-stop.1',
35 silly install resolved        '/Users/ogd/Documents/projects/npm/npm/man/man1/npm-submodule.1',
35 silly install resolved        '/Users/ogd/Documents/projects/npm/npm/man/man1/npm-tag.1',
35 silly install resolved        '/Users/ogd/Documents/projects/npm/npm/man/man1/npm-test.1',
35 silly install resolved        '/Users/ogd/Documents/projects/npm/npm/man/man1/npm-uninstall.1',
35 silly install resolved        '/Users/ogd/Documents/projects/npm/npm/man/man1/npm-unpublish.1',
35 silly install resolved        '/Users/ogd/Documents/projects/npm/npm/man/man1/npm-update.1',
35 silly install resolved        '/Users/ogd/Documents/projects/npm/npm/man/man1/npm-version.1',
35 silly install resolved        '/Users/ogd/Documents/projects/npm/npm/man/man1/npm-view.1',
35 silly install resolved        '/Users/ogd/Documents/projects/npm/npm/man/man1/npm-whoami.1',
35 silly install resolved        '/Users/ogd/Documents/projects/npm/npm/man/man1/npm.1',
35 silly install resolved        '/Users/ogd/Documents/projects/npm/npm/man/man3/npm-bin.3',
35 silly install resolved        '/Users/ogd/Documents/projects/npm/npm/man/man3/npm-bugs.3',
35 silly install resolved        '/Users/ogd/Documents/projects/npm/npm/man/man3/npm-cache.3',
35 silly install resolved        '/Users/ogd/Documents/projects/npm/npm/man/man3/npm-commands.3',
35 silly install resolved        '/Users/ogd/Documents/projects/npm/npm/man/man3/npm-config.3',
35 silly install resolved        '/Users/ogd/Documents/projects/npm/npm/man/man3/npm-deprecate.3',
35 silly install resolved        '/Users/ogd/Documents/projects/npm/npm/man/man3/npm-docs.3',
35 silly install resolved        '/Users/ogd/Documents/projects/npm/npm/man/man3/npm-edit.3',
35 silly install resolved        '/Users/ogd/Documents/projects/npm/npm/man/man3/npm-explore.3',
35 silly install resolved        '/Users/ogd/Documents/projects/npm/npm/man/man3/npm-help-search.3',
35 silly install resolved        '/Users/ogd/Documents/projects/npm/npm/man/man3/npm-init.3',
35 silly install resolved        '/Users/ogd/Documents/projects/npm/npm/man/man3/npm-install.3',
35 silly install resolved        '/Users/ogd/Documents/projects/npm/npm/man/man3/npm-link.3',
35 silly install resolved        '/Users/ogd/Documents/projects/npm/npm/man/man3/npm-load.3',
35 silly install resolved        '/Users/ogd/Documents/projects/npm/npm/man/man3/npm-ls.3',
35 silly install resolved        '/Users/ogd/Documents/projects/npm/npm/man/man3/npm-outdated.3',
35 silly install resolved        '/Users/ogd/Documents/projects/npm/npm/man/man3/npm-owner.3',
35 silly install resolved        '/Users/ogd/Documents/projects/npm/npm/man/man3/npm-pack.3',
35 silly install resolved        '/Users/ogd/Documents/projects/npm/npm/man/man3/npm-prefix.3',
35 silly install resolved        '/Users/ogd/Documents/projects/npm/npm/man/man3/npm-prune.3',
35 silly install resolved        '/Users/ogd/Documents/projects/npm/npm/man/man3/npm-publish.3',
35 silly install resolved        '/Users/ogd/Documents/projects/npm/npm/man/man3/npm-rebuild.3',
35 silly install resolved        '/Users/ogd/Documents/projects/npm/npm/man/man3/npm-repo.3',
35 silly install resolved        '/Users/ogd/Documents/projects/npm/npm/man/man3/npm-restart.3',
35 silly install resolved        '/Users/ogd/Documents/projects/npm/npm/man/man3/npm-root.3',
35 silly install resolved        '/Users/ogd/Documents/projects/npm/npm/man/man3/npm-run-script.3',
35 silly install resolved        '/Users/ogd/Documents/projects/npm/npm/man/man3/npm-search.3',
35 silly install resolved        '/Users/ogd/Documents/projects/npm/npm/man/man3/npm-shrinkwrap.3',
35 silly install resolved        '/Users/ogd/Documents/projects/npm/npm/man/man3/npm-start.3',
35 silly install resolved        '/Users/ogd/Documents/projects/npm/npm/man/man3/npm-stop.3',
35 silly install resolved        '/Users/ogd/Documents/projects/npm/npm/man/man3/npm-submodule.3',
35 silly install resolved        '/Users/ogd/Documents/projects/npm/npm/man/man3/npm-tag.3',
35 silly install resolved        '/Users/ogd/Documents/projects/npm/npm/man/man3/npm-test.3',
35 silly install resolved        '/Users/ogd/Documents/projects/npm/npm/man/man3/npm-uninstall.3',
35 silly install resolved        '/Users/ogd/Documents/projects/npm/npm/man/man3/npm-unpublish.3',
35 silly install resolved        '/Users/ogd/Documents/projects/npm/npm/man/man3/npm-update.3',
35 silly install resolved        '/Users/ogd/Documents/projects/npm/npm/man/man3/npm-version.3',
35 silly install resolved        '/Users/ogd/Documents/projects/npm/npm/man/man3/npm-view.3',
35 silly install resolved        '/Users/ogd/Documents/projects/npm/npm/man/man3/npm-whoami.3',
35 silly install resolved        '/Users/ogd/Documents/projects/npm/npm/man/man3/npm.3',
35 silly install resolved        '/Users/ogd/Documents/projects/npm/npm/man/man5/npm-folders.5',
35 silly install resolved        '/Users/ogd/Documents/projects/npm/npm/man/man5/npm-global.5',
35 silly install resolved        '/Users/ogd/Documents/projects/npm/npm/man/man5/npm-json.5',
35 silly install resolved        '/Users/ogd/Documents/projects/npm/npm/man/man5/npmrc.5',
35 silly install resolved        '/Users/ogd/Documents/projects/npm/npm/man/man5/package.json.5',
35 silly install resolved        '/Users/ogd/Documents/projects/npm/npm/man/man7/npm-coding-style.7',
35 silly install resolved        '/Users/ogd/Documents/projects/npm/npm/man/man7/npm-config.7',
35 silly install resolved        '/Users/ogd/Documents/projects/npm/npm/man/man7/npm-developers.7',
35 silly install resolved        '/Users/ogd/Documents/projects/npm/npm/man/man7/npm-disputes.7',
35 silly install resolved        '/Users/ogd/Documents/projects/npm/npm/man/man7/npm-faq.7',
35 silly install resolved        '/Users/ogd/Documents/projects/npm/npm/man/man7/npm-index.7',
35 silly install resolved        '/Users/ogd/Documents/projects/npm/npm/man/man7/npm-registry.7',
35 silly install resolved        '/Users/ogd/Documents/projects/npm/npm/man/man7/npm-scope.7',
35 silly install resolved        '/Users/ogd/Documents/projects/npm/npm/man/man7/npm-scripts.7',
35 silly install resolved        '/Users/ogd/Documents/projects/npm/npm/man/man7/removing-npm.7',
35 silly install resolved        '/Users/ogd/Documents/projects/npm/npm/man/man7/semver.7' ],
35 silly install resolved     contributors:
35 silly install resolved      [ [Object],
35 silly install resolved        [Object],
35 silly install resolved        [Object],
35 silly install resolved        [Object],
35 silly install resolved        [Object],
35 silly install resolved        [Object],
35 silly install resolved        [Object],
35 silly install resolved        [Object],
35 silly install resolved        [Object],
35 silly install resolved        [Object],
35 silly install resolved        [Object],
35 silly install resolved        [Object],
35 silly install resolved        [Object],
35 silly install resolved        [Object],
35 silly install resolved        [Object],
35 silly install resolved        [Object],
35 silly install resolved        [Object],
35 silly install resolved        [Object],
35 silly install resolved        [Object],
35 silly install resolved        [Object],
35 silly install resolved        [Object],
35 silly install resolved        [Object],
35 silly install resolved        [Object],
35 silly install resolved        [Object],
35 silly install resolved        [Object],
35 silly install resolved        [Object],
35 silly install resolved        [Object],
35 silly install resolved        [Object],
35 silly install resolved        [Object],
35 silly install resolved        [Object],
35 silly install resolved        [Object],
35 silly install resolved        [Object],
35 silly install resolved        [Object],
35 silly install resolved        [Object],
35 silly install resolved        [Object],
35 silly install resolved        [Object],
35 silly install resolved        [Object],
35 silly install resolved        [Object],
35 silly install resolved        [Object],
35 silly install resolved        [Object],
35 silly install resolved        [Object],
35 silly install resolved        [Object],
35 silly install resolved        [Object],
35 silly install resolved        [Object],
35 silly install resolved        [Object],
35 silly install resolved        [Object],
35 silly install resolved        [Object],
35 silly install resolved        [Object],
35 silly install resolved        [Object],
35 silly install resolved        [Object],
35 silly install resolved        [Object],
35 silly install resolved        [Object],
35 silly install resolved        [Object],
35 silly install resolved        [Object],
35 silly install resolved        [Object],
35 silly install resolved        [Object],
35 silly install resolved        [Object],
35 silly install resolved        [Object],
35 silly install resolved        [Object],
35 silly install resolved        [Object],
35 silly install resolved        [Object],
35 silly install resolved        [Object],
35 silly install resolved        [Object],
35 silly install resolved        [Object],
35 silly install resolved        [Object],
35 silly install resolved        [Object],
35 silly install resolved        [Object],
35 silly install resolved        [Object],
35 silly install resolved        [Object],
35 silly install resolved        [Object],
35 silly install resolved        [Object],
35 silly install resolved        [Object],
35 silly install resolved        [Object],
35 silly install resolved        [Object],
35 silly install resolved        [Object],
35 silly install resolved        [Object],
35 silly install resolved        [Object],
35 silly install resolved        [Object],
35 silly install resolved        [Object],
35 silly install resolved        [Object],
35 silly install resolved        [Object],
35 silly install resolved        [Object],
35 silly install resolved        [Object],
35 silly install resolved        [Object],
35 silly install resolved        [Object],
35 silly install resolved        [Object],
35 silly install resolved        [Object],
35 silly install resolved        [Object],
35 silly install resolved        [Object],
35 silly install resolved        [Object],
35 silly install resolved        [Object],
35 silly install resolved        [Object],
35 silly install resolved        [Object],
35 silly install resolved        [Object],
35 silly install resolved        [Object],
35 silly install resolved        [Object],
35 silly install resolved        [Object],
35 silly install resolved        [Object],
35 silly install resolved        [Object],
35 silly install resolved        [Object],
35 silly install resolved        [Object],
35 silly install resolved        [Object],
35 silly install resolved        [Object],
35 silly install resolved        [Object],
35 silly install resolved        [Object],
35 silly install resolved        [Object],
35 silly install resolved        [Object],
35 silly install resolved        [Object],
35 silly install resolved        [Object],
35 silly install resolved        [Object],
35 silly install resolved        [Object],
35 silly install resolved        [Object],
35 silly install resolved        [Object],
35 silly install resolved        [Object],
35 silly install resolved        [Object],
35 silly install resolved        [Object],
35 silly install resolved        [Object],
35 silly install resolved        [Object],
35 silly install resolved        [Object],
35 silly install resolved        [Object],
35 silly install resolved        [Object],
35 silly install resolved        [Object],
35 silly install resolved        [Object],
35 silly install resolved        [Object],
35 silly install resolved        [Object],
35 silly install resolved        [Object],
35 silly install resolved        [Object],
35 silly install resolved        [Object],
35 silly install resolved        [Object],
35 silly install resolved        [Object],
35 silly install resolved        [Object],
35 silly install resolved        [Object],
35 silly install resolved        [Object],
35 silly install resolved        [Object],
35 silly install resolved        [Object],
35 silly install resolved        [Object],
35 silly install resolved        [Object],
35 silly install resolved        [Object],
35 silly install resolved        [Object],
35 silly install resolved        [Object],
35 silly install resolved        [Object],
35 silly install resolved        [Object],
35 silly install resolved        [Object],
35 silly install resolved        [Object],
35 silly install resolved        [Object],
35 silly install resolved        [Object],
35 silly install resolved        [Object],
35 silly install resolved        [Object],
35 silly install resolved        [Object],
35 silly install resolved        [Object],
35 silly install resolved        [Object],
35 silly install resolved        [Object],
35 silly install resolved        [Object],
35 silly install resolved        [Object],
35 silly install resolved        [Object],
35 silly install resolved        [Object],
35 silly install resolved        [Object] ],
35 silly install resolved     gitHead: '7b7b55eebc5e63edbded1590a3df4c08c6525245',
35 silly install resolved     _id: 'npm@2.1.5',
35 silly install resolved     _shasum: 'ce343163a56f1ff14ffa295c140d99833b9764cb',
35 silly install resolved     _from: 'npm@*',
35 silly install resolved     _npmVersion: '2.1.5',
35 silly install resolved     _nodeVersion: '0.10.32',
35 silly install resolved     _npmUser: { name: 'othiym23', email: 'ogd@aoaioxxysz.net' },
35 silly install resolved     maintainers: [ [Object], [Object] ],
35 silly install resolved     dist:
35 silly install resolved      { shasum: 'ce343163a56f1ff14ffa295c140d99833b9764cb',
35 silly install resolved        tarball: 'http://registry.npmjs.org/npm/-/npm-2.1.5.tgz' },
35 silly install resolved     _resolved: 'http://registry.npmjs.org/npm/-/npm-2.1.5.tgz',
35 silly install resolved     readme: 'ERROR: No README data found!' } ]
36 info install npm@2.1.5 into C:\Program Files\nodejs
37 info installOne npm@2.1.5
38 verbose installOne of npm to C:\Program Files\nodejs not in flight; installing
39 verbose lock using C:\Users\user\AppData\Roaming\npm-cache\_locks\npm-4178cc130e7e3413.lock for C:\Program Files\nodejs\node_modules\npm
40 silly install write writing npm 2.1.5 to C:\Program Files\nodejs\node_modules\npm
41 silly cache addNamed cb npm@2.1.5
42 verbose unbuild node_modules\npm
43 info preuninstall npm@1.4.28
44 info uninstall npm@1.4.28
45 verbose unbuild rmStuff npm@1.4.28 from C:\Program Files\nodejs\node_modules
46 verbose C:\Program Files\nodejs,[object Object] binRoot
47 verbose gentlyRm vacuuming C:\Program Files\nodejs\npm.cmd
48 silly gentlyRm purging C:\Program Files\nodejs\npm.cmd
49 verbose unlock done using C:\Users\user\AppData\Roaming\npm-cache\_locks\npm-4178cc130e7e3413.lock for C:\Program Files\nodejs\node_modules\npm
50 verbose stack Error: EPERM, unlink 'C:\Program Files\nodejs\npm.cmd'
51 verbose cwd C:\Users\user\MyProject\Angular-Practice\Real Estate Project\REProject V2.0\backup\Emailing
52 error Windows_NT 6.1.7601
53 error argv "node" "C:\\Users\\user\\AppData\\Roaming\\npm\\node_modules\\npm\\bin\\npm-cli.js" "install" "npm" "-g" "--ca="
54 error node v0.10.32
55 error npm  v2.1.5
56 error path C:\Program Files\nodejs\npm.cmd
57 error code EPERM
58 error errno 50
59 error Error: EPERM, unlink 'C:\Program Files\nodejs\npm.cmd'
59 error  { [Error: EPERM, unlink 'C:\Program Files\nodejs\npm.cmd']
59 error   errno: 50,
59 error   code: 'EPERM',
59 error   path: 'C:\\Program Files\\nodejs\\npm.cmd' }
60 error Please try running this command again as root/Administrator.
61 verbose exit [ 50, true ]
62 verbose unbuild node_modules\npm
63 info preuninstall npm@1.4.28
64 info uninstall npm@1.4.28
65 verbose unbuild rmStuff npm@1.4.28 from C:\Program Files\nodejs\node_modules
66 verbose C:\Program Files\nodejs,[object Object] binRoot
67 verbose gentlyRm vacuuming C:\Program Files\nodejs\npm.cmd
68 silly gentlyRm purging C:\Program Files\nodejs\npm.cmd
69 error error rolling back Error: EPERM, unlink 'C:\Program Files\nodejs\npm.cmd'
69 error error rolling back  { [Error: EPERM, unlink 'C:\Program Files\nodejs\npm.cmd']
69 error error rolling back   errno: 50,
69 error error rolling back   code: 'EPERM',
69 error error rolling back   path: 'C:\\Program Files\\nodejs\\npm.cmd' }
